16-Jan-23 21:42:23 : INFO : There is an error with the folder
16-Jan-23 21:42:40 : INFO : The video https://www.youtube.com/watch?v=tkkNrPMrQUA exceeded the time constrain. Length 912 seconds.
16-Jan-23 21:45:54 : INFO : The video https://www.youtube.com/watch?v=VEz2EdzcO-s exceeded the time constrain. Length 1086 seconds.
16-Jan-23 21:45:54 : INFO : The video https://www.youtube.com/watch?v=mZaLOGGxnZc exceeded the time constrain. Length 978 seconds.
16-Jan-23 21:51:18 : INFO : The video https://www.youtube.com/watch?v=Y_lS-F09X78 exceeded the time constrain. Length 1698 seconds.
16-Jan-23 21:51:41 : INFO : The video https://www.youtube.com/watch?v=mym0-pPUtdo exceeded the time constrain. Length 2520 seconds.
16-Jan-23 21:51:41 : INFO : The video https://www.youtube.com/watch?v=Pfh5JS4QDzM exceeded the time constrain. Length 606 seconds.
16-Jan-23 21:52:33 : INFO : The video https://www.youtube.com/watch?v=NgxEfp7ZSjI exceeded the time constrain. Length 6161 seconds.
16-Jan-23 21:52:47 : INFO : The video https://www.youtube.com/watch?v=QMCV7vtPI90 exceeded the time constrain. Length 4100 seconds.
16-Jan-23 21:53:12 : INFO : The video https://www.youtube.com/watch?v=3GGO_2PNEU8 exceeded the time constrain. Length 1043 seconds.
16-Jan-23 21:54:36 : INFO : The video https://www.youtube.com/watch?v=Vm3spITaNaw exceeded the time constrain. Length 2450 seconds.
16-Jan-23 21:55:23 : INFO : The video https://www.youtube.com/watch?v=yffruoef0wo exceeded the time constrain. Length 611 seconds.
16-Jan-23 21:57:10 : INFO : The video https://www.youtube.com/watch?v=r5weJj_JxqM exceeded the time constrain. Length 632 seconds.
16-Jan-23 21:58:39 : INFO : The video https://www.youtube.com/watch?v=FXtSvqjdRR0 exceeded the time constrain. Length 1547 seconds.
16-Jan-23 21:58:39 : INFO : The video https://www.youtube.com/watch?v=i0hufWnTdNA exceeded the time constrain. Length 2485 seconds.
16-Jan-23 22:01:56 : INFO : The video https://www.youtube.com/watch?v=VoUyWD8xJJc exceeded the time constrain. Length 1093 seconds.
16-Jan-23 22:02:38 : INFO : The video https://www.youtube.com/watch?v=28MBOHwdrz0 exceeded the time constrain. Length 792 seconds.
16-Jan-23 22:02:38 : INFO : The video https://www.youtube.com/watch?v=wGRJMwA-VKk exceeded the time constrain. Length 1671 seconds.
16-Jan-23 22:02:56 : INFO : The video https://www.youtube.com/watch?v=t-yp8gnJUKM exceeded the time constrain. Length 794 seconds.
16-Jan-23 22:02:56 : INFO : The video https://www.youtube.com/watch?v=uRu0kYtYe8k exceeded the time constrain. Length 707 seconds.
16-Jan-23 22:03:01 : INFO : The video https://www.youtube.com/watch?v=LVMIdIhC2-w exceeded the time constrain. Length 1058 seconds.
16-Jan-23 22:03:29 : INFO : The video https://www.youtube.com/watch?v=f63IFg1-wBc exceeded the time constrain. Length 1494 seconds.
16-Jan-23 22:03:29 : INFO : The video https://www.youtube.com/watch?v=ftKjSZrC25Q exceeded the time constrain. Length 7077 seconds.
16-Jan-23 22:05:11 : INFO : The video https://www.youtube.com/watch?v=c_eERQZVQP0 exceeded the time constrain. Length 1930 seconds.
16-Jan-23 22:05:15 : INFO : The video https://www.youtube.com/watch?v=7UcGE0B33dQ exceeded the time constrain. Length 882 seconds.
16-Jan-23 22:05:33 : INFO : The video https://www.youtube.com/watch?v=K-9XEg69MyE exceeded the time constrain. Length 3136 seconds.
16-Jan-23 22:05:33 : INFO : The video https://www.youtube.com/watch?v=Gf_OvcntzdM exceeded the time constrain. Length 1937 seconds.
16-Jan-23 22:05:33 : INFO : The video https://www.youtube.com/watch?v=F1BdeXIMYWE exceeded the time constrain. Length 789 seconds.
16-Jan-23 22:06:38 : INFO : The video https://www.youtube.com/watch?v=BnO1QmwlDPs exceeded the time constrain. Length 731 seconds.
16-Jan-23 22:07:14 : INFO : The video https://www.youtube.com/watch?v=_2gHOmWu9jg exceeded the time constrain. Length 2431 seconds.
16-Jan-23 22:07:57 : INFO : The video https://www.youtube.com/watch?v=LBGfsW3Ew_w exceeded the time constrain. Length 2660 seconds.
16-Jan-23 22:09:39 : INFO : The video https://www.youtube.com/watch?v=qtxIFxaCNxA exceeded the time constrain. Length 715 seconds.
16-Jan-23 22:10:40 : INFO : The video https://www.youtube.com/watch?v=IZXGIAsvYe4 exceeded the time constrain. Length 3788 seconds.
16-Jan-23 22:11:53 : INFO : The video https://www.youtube.com/watch?v=O08LH15V12E exceeded the time constrain. Length 979 seconds.
16-Jan-23 22:13:33 : INFO : The video https://www.youtube.com/watch?v=yn4OpaYjYVQ exceeded the time constrain. Length 10614 seconds.
16-Jan-23 22:14:54 : INFO : The video https://www.youtube.com/watch?v=Al3u8BDdung exceeded the time constrain. Length 1453 seconds.
16-Jan-23 22:14:57 : INFO : The video https://www.youtube.com/watch?v=UHQwc-sbeNY exceeded the time constrain. Length 3056 seconds.
16-Jan-23 22:16:51 : INFO : The video https://www.youtube.com/watch?v=UldSNz8eVwk exceeded the time constrain. Length 936 seconds.
16-Jan-23 22:18:51 : INFO : The video https://www.youtube.com/watch?v=maUpTHSqRe0 exceeded the time constrain. Length 622 seconds.
16-Jan-23 22:33:44 : INFO : The video https://www.youtube.com/watch?v=tkkNrPMrQUA exceeded the time constrain. Length 912 seconds.
16-Jan-23 22:34:45 : INFO : The video https://www.youtube.com/watch?v=VEz2EdzcO-s exceeded the time constrain. Length 1086 seconds.
16-Jan-23 22:34:45 : INFO : The video https://www.youtube.com/watch?v=mZaLOGGxnZc exceeded the time constrain. Length 978 seconds.
16-Jan-23 22:36:37 : INFO : The video https://www.youtube.com/watch?v=Y_lS-F09X78 exceeded the time constrain. Length 1698 seconds.
16-Jan-23 22:36:44 : INFO : The video https://www.youtube.com/watch?v=mym0-pPUtdo exceeded the time constrain. Length 2520 seconds.
16-Jan-23 22:36:44 : INFO : The video https://www.youtube.com/watch?v=Pfh5JS4QDzM exceeded the time constrain. Length 606 seconds.
16-Jan-23 22:36:54 : INFO : The video https://www.youtube.com/watch?v=NgxEfp7ZSjI exceeded the time constrain. Length 6161 seconds.
16-Jan-23 22:36:58 : INFO : The video https://www.youtube.com/watch?v=QMCV7vtPI90 exceeded the time constrain. Length 4100 seconds.
16-Jan-23 22:37:17 : INFO : The video https://www.youtube.com/watch?v=3GGO_2PNEU8 exceeded the time constrain. Length 1043 seconds.
16-Jan-23 22:37:47 : INFO : The video https://www.youtube.com/watch?v=Vm3spITaNaw exceeded the time constrain. Length 2450 seconds.
16-Jan-23 22:38:07 : INFO : The video https://www.youtube.com/watch?v=yffruoef0wo exceeded the time constrain. Length 611 seconds.
16-Jan-23 22:38:45 : INFO : The video https://www.youtube.com/watch?v=r5weJj_JxqM exceeded the time constrain. Length 632 seconds.
16-Jan-23 22:39:32 : INFO : The video https://www.youtube.com/watch?v=FXtSvqjdRR0 exceeded the time constrain. Length 1547 seconds.
16-Jan-23 22:39:32 : INFO : The video https://www.youtube.com/watch?v=i0hufWnTdNA exceeded the time constrain. Length 2485 seconds.
16-Jan-23 22:40:41 : INFO : The video https://www.youtube.com/watch?v=VoUyWD8xJJc exceeded the time constrain. Length 1093 seconds.
16-Jan-23 22:41:12 : INFO : The video https://www.youtube.com/watch?v=28MBOHwdrz0 exceeded the time constrain. Length 792 seconds.
16-Jan-23 22:41:12 : INFO : The video https://www.youtube.com/watch?v=wGRJMwA-VKk exceeded the time constrain. Length 1671 seconds.
16-Jan-23 22:41:22 : INFO : The video https://www.youtube.com/watch?v=t-yp8gnJUKM exceeded the time constrain. Length 794 seconds.
16-Jan-23 22:41:22 : INFO : The video https://www.youtube.com/watch?v=uRu0kYtYe8k exceeded the time constrain. Length 707 seconds.
16-Jan-23 22:41:25 : INFO : The video https://www.youtube.com/watch?v=LVMIdIhC2-w exceeded the time constrain. Length 1058 seconds.
16-Jan-23 22:41:39 : INFO : The video https://www.youtube.com/watch?v=f63IFg1-wBc exceeded the time constrain. Length 1494 seconds.
16-Jan-23 22:41:39 : INFO : The video https://www.youtube.com/watch?v=ftKjSZrC25Q exceeded the time constrain. Length 7077 seconds.
16-Jan-23 22:42:18 : INFO : The video https://www.youtube.com/watch?v=c_eERQZVQP0 exceeded the time constrain. Length 1930 seconds.
16-Jan-23 22:42:21 : INFO : The video https://www.youtube.com/watch?v=7UcGE0B33dQ exceeded the time constrain. Length 882 seconds.
16-Jan-23 22:42:34 : INFO : The video https://www.youtube.com/watch?v=K-9XEg69MyE exceeded the time constrain. Length 3136 seconds.
16-Jan-23 22:42:34 : INFO : The video https://www.youtube.com/watch?v=Gf_OvcntzdM exceeded the time constrain. Length 1937 seconds.
16-Jan-23 22:42:34 : INFO : The video https://www.youtube.com/watch?v=F1BdeXIMYWE exceeded the time constrain. Length 789 seconds.
16-Jan-23 22:43:04 : INFO : The video https://www.youtube.com/watch?v=BnO1QmwlDPs exceeded the time constrain. Length 731 seconds.
16-Jan-23 22:43:14 : INFO : The video https://www.youtube.com/watch?v=_2gHOmWu9jg exceeded the time constrain. Length 2431 seconds.
16-Jan-23 22:43:34 : INFO : The video https://www.youtube.com/watch?v=LBGfsW3Ew_w exceeded the time constrain. Length 2660 seconds.
16-Jan-23 22:44:23 : INFO : The video https://www.youtube.com/watch?v=qtxIFxaCNxA exceeded the time constrain. Length 715 seconds.
16-Jan-23 22:44:43 : INFO : The video https://www.youtube.com/watch?v=IZXGIAsvYe4 exceeded the time constrain. Length 3788 seconds.
16-Jan-23 22:45:19 : INFO : The video https://www.youtube.com/watch?v=O08LH15V12E exceeded the time constrain. Length 979 seconds.
16-Jan-23 22:45:38 : INFO : The video https://www.youtube.com/watch?v=yn4OpaYjYVQ exceeded the time constrain. Length 10614 seconds.
16-Jan-23 22:46:12 : INFO : The video https://www.youtube.com/watch?v=Al3u8BDdung exceeded the time constrain. Length 1453 seconds.
16-Jan-23 22:46:13 : INFO : The video https://www.youtube.com/watch?v=UHQwc-sbeNY exceeded the time constrain. Length 3056 seconds.
16-Jan-23 22:47:12 : INFO : The video https://www.youtube.com/watch?v=UldSNz8eVwk exceeded the time constrain. Length 936 seconds.
16-Jan-23 22:48:08 : INFO : The video https://www.youtube.com/watch?v=maUpTHSqRe0 exceeded the time constrain. Length 622 seconds.
16-Jan-23 22:51:34 : INFO : The video https://www.youtube.com/watch?v=tCwiZxd5c2s exceeded the time constrain. Length 1395 seconds.
16-Jan-23 22:53:39 : INFO : The video https://www.youtube.com/watch?v=JX5emIhn_Lo exceeded the time constrain. Length 1002 seconds.
16-Jan-23 22:53:39 : INFO : The video https://www.youtube.com/watch?v=eJmpuYdUhZQ exceeded the time constrain. Length 943 seconds.
16-Jan-23 22:55:42 : INFO : The video https://www.youtube.com/watch?v=uBwYrwRvj6c exceeded the time constrain. Length 784 seconds.
16-Jan-23 22:57:08 : INFO : The video https://www.youtube.com/watch?v=_FuZO5aPx6Y exceeded the time constrain. Length 1033 seconds.
16-Jan-23 22:57:23 : INFO : The video https://www.youtube.com/watch?v=4yh9srOWNio exceeded the time constrain. Length 1367 seconds.
16-Jan-23 22:58:02 : INFO : The video https://www.youtube.com/watch?v=AynF6cv43DQ exceeded the time constrain. Length 732 seconds.
16-Jan-23 22:58:02 : INFO : The video https://www.youtube.com/watch?v=US09ZNposxg exceeded the time constrain. Length 870 seconds.
16-Jan-23 22:58:22 : INFO : The video https://www.youtube.com/watch?v=y37B4rjjpks exceeded the time constrain. Length 1467 seconds.
16-Jan-23 22:59:18 : INFO : The video https://www.youtube.com/watch?v=VLRsrZPnx64 exceeded the time constrain. Length 918 seconds.
16-Jan-23 22:59:57 : INFO : The video https://www.youtube.com/watch?v=L-I1MgPOiWc exceeded the time constrain. Length 906 seconds.
16-Jan-23 23:01:01 : INFO : The video https://www.youtube.com/watch?v=utZZlWur_ZM exceeded the time constrain. Length 3377 seconds.
16-Jan-23 23:01:06 : INFO : The video https://www.youtube.com/watch?v=2F63D5focyI exceeded the time constrain. Length 1344 seconds.
16-Jan-23 23:01:09 : INFO : The video https://www.youtube.com/watch?v=QeHyN16q9zA exceeded the time constrain. Length 2427 seconds.
16-Jan-23 23:01:51 : INFO : The video https://www.youtube.com/watch?v=2ggE1LzuXFA exceeded the time constrain. Length 936 seconds.
16-Jan-23 23:03:15 : INFO : The video https://www.youtube.com/watch?v=5s3h8DVMLQ8 exceeded the time constrain. Length 1891 seconds.
16-Jan-23 23:03:34 : INFO : The video https://www.youtube.com/watch?v=BbHrgzciYys exceeded the time constrain. Length 861 seconds.
16-Jan-23 23:07:35 : INFO : The video https://www.youtube.com/watch?v=VneRoZsSVbM exceeded the time constrain. Length 1093 seconds.
16-Jan-23 23:08:45 : INFO : The video https://www.youtube.com/watch?v=CZzT7S1XgKs exceeded the time constrain. Length 992 seconds.
16-Jan-23 23:08:45 : INFO : The video https://www.youtube.com/watch?v=iaK7ec3kHdg exceeded the time constrain. Length 2166 seconds.
16-Jan-23 23:09:40 : INFO : The video https://www.youtube.com/watch?v=3p_KO6eci4Q exceeded the time constrain. Length 1683 seconds.
16-Jan-23 23:09:40 : INFO : The video https://www.youtube.com/watch?v=AT-HU9DAMsU exceeded the time constrain. Length 3236 seconds.
16-Jan-23 23:11:20 : INFO : The video https://www.youtube.com/watch?v=DqOS7oFBLYI exceeded the time constrain. Length 1486 seconds.
16-Jan-23 23:13:38 : INFO : The video https://www.youtube.com/watch?v=OT4Gfg8PaoI exceeded the time constrain. Length 983 seconds.
16-Jan-23 23:13:55 : INFO : The video https://www.youtube.com/watch?v=_bwBdDuUhoE exceeded the time constrain. Length 1496 seconds.
16-Jan-23 23:14:14 : INFO : The video https://www.youtube.com/watch?v=JkSB64jg6uw exceeded the time constrain. Length 3879 seconds.
16-Jan-23 23:14:26 : INFO : The video https://www.youtube.com/watch?v=hA17KPtRU3Y exceeded the time constrain. Length 2035 seconds.
16-Jan-23 23:15:09 : INFO : The video https://www.youtube.com/watch?v=w8teHCfbEak exceeded the time constrain. Length 1956 seconds.
16-Jan-23 23:15:23 : INFO : The video https://www.youtube.com/watch?v=Cj6tSTuydfs exceeded the time constrain. Length 776 seconds.
16-Jan-23 23:15:23 : INFO : The video https://www.youtube.com/watch?v=p5MlMciUYUI exceeded the time constrain. Length 2232 seconds.
16-Jan-23 23:17:33 : INFO : The video https://www.youtube.com/watch?v=tm8M0i7Ar-Y exceeded the time constrain. Length 3667 seconds.
16-Jan-23 23:22:14 : INFO : The video https://www.youtube.com/watch?v=QCP3I46Tu3w exceeded the time constrain. Length 819 seconds.
16-Jan-23 23:22:22 : INFO : The video https://www.youtube.com/watch?v=Wm8_46o9LIs exceeded the time constrain. Length 1634 seconds.
16-Jan-23 23:23:30 : INFO : The video https://www.youtube.com/watch?v=aLfrtIJV684 exceeded the time constrain. Length 645 seconds.
16-Jan-23 23:23:30 : INFO : The video https://www.youtube.com/watch?v=1BBttIjd3LU exceeded the time constrain. Length 828 seconds.
16-Jan-23 23:24:58 : INFO : The video https://www.youtube.com/watch?v=5H6FU4Nhn6A exceeded the time constrain. Length 3341 seconds.
16-Jan-23 23:25:16 : INFO : The video https://www.youtube.com/watch?v=rmtXkUOz3rA exceeded the time constrain. Length 717 seconds.
16-Jan-23 23:25:16 : INFO : The video https://www.youtube.com/watch?v=5ANm8Qyq54M exceeded the time constrain. Length 827 seconds.
16-Jan-23 23:25:16 : INFO : The video https://www.youtube.com/watch?v=KL1Zk2YsIJI exceeded the time constrain. Length 1394 seconds.
16-Jan-23 23:25:49 : INFO : The video https://www.youtube.com/watch?v=CU7hjp0OpI8 exceeded the time constrain. Length 645 seconds.
16-Jan-23 23:25:51 : INFO : The video https://www.youtube.com/watch?v=YipuhvDigxg exceeded the time constrain. Length 717 seconds.
16-Jan-23 23:27:03 : INFO : The video https://www.youtube.com/watch?v=FY6_z4R5yII exceeded the time constrain. Length 601 seconds.
16-Jan-23 23:27:18 : INFO : The video https://www.youtube.com/watch?v=BGmQ7Sqj8v4 exceeded the time constrain. Length 765 seconds.
16-Jan-23 23:27:43 : INFO : The video https://www.youtube.com/watch?v=6hGBWcmDUaE exceeded the time constrain. Length 900 seconds.
16-Jan-23 23:27:55 : INFO : The video https://www.youtube.com/watch?v=XAFrhtewmjw exceeded the time constrain. Length 2028 seconds.
16-Jan-23 23:27:55 : INFO : The video https://www.youtube.com/watch?v=4LC1B9XYkm4 exceeded the time constrain. Length 1209 seconds.
